<?xml version="1.0" encoding="UTF-8"?>
<testsuite name="ru.aliaprod.dogsservice.DogsServiceApplicationTests" tests="1" skipped="0" failures="0" errors="0" timestamp="2022-08-09T19:45:42" hostname="DESKTOP-FAVQPCA" time="0.229">
  <properties/>
  <testcase name="contextLoads()" classname="ru.aliaprod.dogsservice.DogsServiceApplicationTests" time="0.229"/>
  <system-out><![CDATA[22:45:38.160 [Test worker] DEBUG org.springframework.test.context.BootstrapUtils - Instantiating CacheAwareContextLoaderDelegate from class [org.springframework.test.context.cache.DefaultCacheAwareContextLoaderDelegate]
22:45:38.176 [Test worker] DEBUG org.springframework.test.context.BootstrapUtils - Instantiating BootstrapContext using constructor [public org.springframework.test.context.support.DefaultBootstrapContext(java.lang.Class,org.springframework.test.context.CacheAwareContextLoaderDelegate)]
22:45:38.207 [Test worker] DEBUG org.springframework.test.context.BootstrapUtils - Instantiating TestContextBootstrapper for test class [ru.aliaprod.dogsservice.DogsServiceApplicationTests] from class [org.springframework.boot.test.context.SpringBootTestContextBootstrapper]
22:45:38.223 [Test worker] INFO org.springframework.boot.test.context.SpringBootTestContextBootstrapper - Neither @ContextConfiguration nor @ContextHierarchy found for test class [ru.aliaprod.dogsservice.DogsServiceApplicationTests], using SpringBootContextLoader
22:45:38.223 [Test worker] DEBUG org.springframework.test.context.support.AbstractContextLoader - Did not detect default resource location for test class [ru.aliaprod.dogsservice.DogsServiceApplicationTests]: class path resource [ru/aliaprod/dogsservice/DogsServiceApplicationTests-context.xml] does not exist
22:45:38.223 [Test worker] DEBUG org.springframework.test.context.support.AbstractContextLoader - Did not detect default resource location for test class [ru.aliaprod.dogsservice.DogsServiceApplicationTests]: class path resource [ru/aliaprod/dogsservice/DogsServiceApplicationTestsContext.groovy] does not exist
22:45:38.223 [Test worker] INFO org.springframework.test.context.support.AbstractContextLoader - Could not detect default resource locations for test class [ru.aliaprod.dogsservice.DogsServiceApplicationTests]: no resource found for suffixes {-context.xml, Context.groovy}.
22:45:38.223 [Test worker] INFO org.springframework.test.context.support.AnnotationConfigContextLoaderUtils - Could not detect default configuration classes for test class [ru.aliaprod.dogsservice.DogsServiceApplicationTests]: DogsServiceApplicationTests does not declare any static, non-private, non-final, nested classes annotated with @Configuration.
22:45:38.271 [Test worker] DEBUG org.springframework.test.context.support.ActiveProfilesUtils - Could not find an 'annotation declaring class' for annotation type [org.springframework.test.context.ActiveProfiles] and class [ru.aliaprod.dogsservice.DogsServiceApplicationTests]
22:45:38.322 [Test worker] DEBUG org.springframework.context.annotation.ClassPathScanningCandidateComponentProvider - Identified candidate component class: file [C:\All\Dogs\DogsService\build\classes\java\main\ru\aliaprod\dogsservice\DogsServiceApplication.class]
22:45:38.323 [Test worker] INFO org.springframework.boot.test.context.SpringBootTestContextBootstrapper - Found @SpringBootConfiguration ru.aliaprod.dogsservice.DogsServiceApplication for test class ru.aliaprod.dogsservice.DogsServiceApplicationTests
22:45:38.425 [Test worker] DEBUG org.springframework.boot.test.context.SpringBootTestContextBootstrapper - @TestExecutionListeners is not present for class [ru.aliaprod.dogsservice.DogsServiceApplicationTests]: using defaults.
22:45:38.426 [Test worker] INFO org.springframework.boot.test.context.SpringBootTestContextBootstrapper - Loaded default TestExecutionListener class names from location [META-INF/spring.factories]: [org.springframework.boot.test.autoconfigure.restdocs.RestDocsTestExecutionListener, org.springframework.boot.test.autoconfigure.web.client.MockRestServiceServerResetTestExecutionListener, org.springframework.boot.test.autoconfigure.web.servlet.MockMvcPrintOnlyOnFailureTestExecutionListener, org.springframework.boot.test.autoconfigure.web.servlet.WebDriverTestExecutionListener, org.springframework.boot.test.autoconfigure.webservices.client.MockWebServiceServerTestExecutionListener, org.springframework.boot.test.mock.mockito.MockitoTestExecutionListener, org.springframework.boot.test.mock.mockito.ResetMocksTestExecutionListener, org.springframework.test.context.web.ServletTestExecutionListener, org.springframework.test.context.support.DirtiesContextBeforeModesTestExecutionListener, org.springframework.test.context.event.ApplicationEventsTestExecutionListener, org.springframework.test.context.support.DependencyInjectionTestExecutionListener, org.springframework.test.context.support.DirtiesContextTestExecutionListener, org.springframework.test.context.transaction.TransactionalTestExecutionListener, org.springframework.test.context.jdbc.SqlScriptsTestExecutionListener, org.springframework.test.context.event.EventPublishingTestExecutionListener]
22:45:38.442 [Test worker] INFO org.springframework.boot.test.context.SpringBootTestContextBootstrapper - Using TestExecutionListeners: [org.springframework.test.context.web.ServletTestExecutionListener@29ef6856, org.springframework.test.context.support.DirtiesContextBeforeModesTestExecutionListener@ab7a938, org.springframework.test.context.event.ApplicationEventsTestExecutionListener@3faf2e7d, org.springframework.boot.test.mock.mockito.MockitoTestExecutionListener@4648ce9, org.springframework.boot.test.autoconfigure.SpringBootDependencyInjectionTestExecutionListener@569bf9eb, org.springframework.test.context.support.DirtiesContextTestExecutionListener@61526469, org.springframework.test.context.transaction.TransactionalTestExecutionListener@274872f8, org.springframework.test.context.jdbc.SqlScriptsTestExecutionListener@76ba13c, org.springframework.test.context.event.EventPublishingTestExecutionListener@eb6449b, org.springframework.boot.test.autoconfigure.restdocs.RestDocsTestExecutionListener@7c351808, org.springframework.boot.test.autoconfigure.web.client.MockRestServiceServerResetTestExecutionListener@180e6ac4, org.springframework.boot.test.autoconfigure.web.servlet.MockMvcPrintOnlyOnFailureTestExecutionListener@42b64ab8, org.springframework.boot.test.autoconfigure.web.servlet.WebDriverTestExecutionListener@7e985ce9, org.springframework.boot.test.autoconfigure.webservices.client.MockWebServiceServerTestExecutionListener@2a39fe6a, org.springframework.boot.test.mock.mockito.ResetMocksTestExecutionListener@410ae9a3]
22:45:38.442 [Test worker] DEBUG org.springframework.test.context.support.AbstractDirtiesContextTestExecutionListener - Before test class: context [DefaultTestContext@52b56a3e testClass = DogsServiceApplicationTests, testInstance = [null], testMethod = [null], testException = [null], mergedContextConfiguration = [WebMergedContextConfiguration@fd0e5b6 testClass = DogsServiceApplicationTests, locations = '{}', classes = '{class ru.aliaprod.dogsservice.DogsServiceApplication}', contextInitializerClasses = '[]', activeProfiles = '{}', propertySourceLocations = '{}', propertySourceProperties = '{org.springframework.boot.test.context.SpringBootTestContextBootstrapper=true}', contextCustomizers = set[org.springframework.boot.test.autoconfigure.actuate.metrics.MetricsExportContextCustomizerFactory$DisableMetricExportContextCustomizer@22356acd, org.springframework.boot.test.autoconfigure.properties.PropertyMappingContextCustomizer@0, org.springframework.boot.test.autoconfigure.web.servlet.WebDriverContextCustomizerFactory$Customizer@531f4093, org.springframework.boot.test.context.filter.ExcludeFilterContextCustomizer@74f5ce22, org.springframework.boot.test.json.DuplicateJsonObjectContextCustomizerFactory$DuplicateJsonObjectContextCustomizer@7776ab, org.springframework.boot.test.mock.mockito.MockitoContextCustomizer@0, org.springframework.boot.test.web.client.TestRestTemplateContextCustomizer@6e950bcf, org.springframework.boot.test.context.SpringBootTestArgs@1, org.springframework.boot.test.context.SpringBootTestWebEnvironment@4d02f94e], resourceBasePath = 'src/main/webapp', contextLoader = 'org.springframework.boot.test.context.SpringBootContextLoader', parent = [null]], attributes = map['org.springframework.test.context.web.ServletTestExecutionListener.activateListener' -> true]], class annotated with @DirtiesContext [false] with mode [null].

  .   ____          _            __ _ _
 /\\ / ___'_ __ _ _(_)_ __  __ _ \ \ \ \
( ( )\___ | '_ | '_| | '_ \/ _` | \ \ \ \
 \\/  ___)| |_)| | | | | || (_| |  ) ) ) )
  '  |____| .__|_| |_|_| |_\__, | / / / /
 =========|_|==============|___/=/_/_/_/
 :: Spring Boot ::                (v2.7.2)

2022-08-09 22:45:38.768  INFO 12336 --- [    Test worker] r.a.d.DogsServiceApplicationTests        : Starting DogsServiceApplicationTests using Java 17.0.1 on DESKTOP-FAVQPCA with PID 12336 (started by alia0 in C:\All\Dogs\DogsService)
2022-08-09 22:45:38.768  INFO 12336 --- [    Test worker] r.a.d.DogsServiceApplicationTests        : No active profile set, falling back to 1 default profile: "default"
2022-08-09 22:45:39.343  INFO 12336 --- [    Test worker] .s.d.r.c.RepositoryConfigurationDelegate : Bootstrapping Spring Data JPA repositories in DEFAULT mode.
2022-08-09 22:45:39.390  INFO 12336 --- [    Test worker] .s.d.r.c.RepositoryConfigurationDelegate : Finished Spring Data repository scanning in 39 ms. Found 1 JPA repository interfaces.
2022-08-09 22:45:39.922  INFO 12336 --- [    Test worker] o.hibernate.jpa.internal.util.LogHelper  : HHH000204: Processing PersistenceUnitInfo [name: default]
2022-08-09 22:45:39.969  INFO 12336 --- [    Test worker] org.hibernate.Version                    : HHH000412: Hibernate ORM core version 5.6.10.Final
2022-08-09 22:45:40.138  INFO 12336 --- [    Test worker] o.hibernate.annotations.common.Version   : HCANN000001: Hibernate Commons Annotations {5.1.2.Final}
2022-08-09 22:45:40.233  INFO 12336 --- [    Test worker] com.zaxxer.hikari.HikariDataSource       : HikariPool-1 - Starting...
2022-08-09 22:45:40.474  INFO 12336 --- [    Test worker] com.zaxxer.hikari.HikariDataSource       : HikariPool-1 - Start completed.
2022-08-09 22:45:40.490  INFO 12336 --- [    Test worker] org.hibernate.dialect.Dialect            : HHH000400: Using dialect: org.hibernate.dialect.PostgreSQLDialect
2022-08-09 22:45:41.137  INFO 12336 --- [    Test worker] o.h.e.t.j.p.i.JtaPlatformInitiator       : HHH000490: Using JtaPlatform implementation: [org.hibernate.engine.transaction.jta.platform.internal.NoJtaPlatform]
2022-08-09 22:45:41.137  INFO 12336 --- [    Test worker] j.LocalContainerEntityManagerFactoryBean : Initialized JPA EntityManagerFactory for persistence unit 'default'
2022-08-09 22:45:41.626  WARN 12336 --- [    Test worker] JpaBaseConfiguration$JpaWebConfiguration : spring.jpa.open-in-view is enabled by default. Therefore, database queries may be performed during view rendering. Explicitly configure spring.jpa.open-in-view to disable this warning
2022-08-09 22:45:42.231  INFO 12336 --- [    Test worker] r.a.d.DogsServiceApplicationTests        : Started DogsServiceApplicationTests in 3.746 seconds (JVM running for 6.23)
]]></system-out>
  <system-err><![CDATA[]]></system-err>
</testsuite>
